-------------------------------------------------------------------------------
Test set: TestSuite
-------------------------------------------------------------------------------
Tests run: 6, Failures: 1, Errors: 0, Skipped: 5, Time elapsed: 1.838 s <<< FAILURE! - in TestSuite
Setup(TestScript.NSEIndiaStock_Test)  Time elapsed: 1.337 s  <<< FAILURE!
org.testng.TestNGException: 

Parameter 'Browser' is required by BeforeMethod on method Setup but has not been marked @Optional or defined


