<?xml version="1.0" encoding="UTF-8"?>
<!-- Generated by org.testng.reporters.JUnitXMLReporter -->
<testsuite ignored="0" hostname="DESKTOP-98OLV6P" failures="0" tests="2" name="Surefire test" time="0.141" errors="0" timestamp="2025-03-08T17:55:00 GMT">
  <testcase classname="TestScript.BaseTest" name="@BeforeMethod Setup" time="-1.741456500647E9">
    <failure type="org.testng.TestNGException" message="
Parameter &amp;apos;Browser&amp;apos; is required by BeforeMethod on method Setup but has not been marked @Optional or defined
">
      <![CDATA[org.testng.TestNGException: 
Parameter 'Browser' is required by BeforeMethod on method Setup but has not been marked @Optional or defined

at java.base/java.util.ArrayList.forEach(ArrayList.java:1507)
... Removed 33 stack frames]]>
    </failure>
  </testcase> <!-- @BeforeMethod Setup -->
  <testcase classname="TestScript.BaseTest" name="@AfterMethod tearDown" time="-1.741456500685E9">
    <skipped/>
  </testcase> <!-- @AfterMethod tearDown -->
  <testcase classname="TestScript.BaseTest" name="@BeforeMethod Setup" time="-1.741456500686E9">
    <skipped/>
  </testcase> <!-- @BeforeMethod Setup -->
  <testcase classname="TestScript.BaseTest" name="@AfterMethod tearDown" time="-1.741456500688E9">
    <skipped/>
  </testcase> <!-- @AfterMethod tearDown -->
  <testcase classname="TestScript.NSEIndiaStock_Test" name="selectAnyStockNIFTY50" time="0.0">
    <skipped/>
  </testcase> <!-- selectAnyStockNIFTY50 -->
  <testcase classname="TestScript.NSEIndiaStock_Test" name="verifyStockInformationRCOM" time="0.0">
    <skipped/>
  </testcase> <!-- verifyStockInformationRCOM -->
</testsuite> <!-- Surefire test -->
